<?xml version="1.0" encoding="UTF-8"?>
<testsuite xmlns:xsi="http://www.w3.org/2001/XMLSchema-instance" xsi:noNamespaceSchemaLocation="https://maven.apache.org/surefire/maven-surefire-plugin/xsd/surefire-test-report-3.0.xsd" version="3.0" name="br.bti.allandemiranda.forex.model.utils.ChartTest" time="0.153" tests="7" errors="0" skipped="0" failures="0">
  <properties>
[...]
</properties>
  <testcase name="getAccountNullThrow" classname="br.bti.allandemiranda.forex.model.utils.ChartTest" time="0.003"/>
  <testcase name="testToString" classname="br.bti.allandemiranda.forex.model.utils.ChartTest" time="0.052"/>
  <testcase name="getCurrencyExchangeAndAccount" classname="br.bti.allandemiranda.forex.model.utils.ChartTest" time="0.001"/>
  <testcase name="getCandlestickList" classname="br.bti.allandemiranda.forex.model.utils.ChartTest" time="0.08"/>
  <testcase name="candlestickListIsGood" classname="br.bti.allandemiranda.forex.model.utils.ChartTest" time="0.003"/>
  <testcase name="testHashCode" classname="br.bti.allandemiranda.forex.model.utils.ChartTest" time="0.001"/>
  <testcase name="testEquals" classname="br.bti.allandemiranda.forex.model.utils.ChartTest" time="0.001"/>
</testsuite>